D:\DOCUMENTS\VISUAL STUDIO 2012\PROJECTS\PROJECT5\PROJECT5\DEBUG\2015.7.15C++PRACTICE_STUDENT_AND_COURSE.OBJ
D:\DOCUMENTS\VISUAL STUDIO 2012\PROJECTS\PROJECT5\PROJECT5\DEBUG\STUDENT.OBJ
D:\DOCUMENTS\VISUAL STUDIO 2012\PROJECTS\PROJECT5\PROJECT5\DEBUG\COURSE.OBJ
D:\DOCUMENTS\VISUAL STUDIO 2012\PROJECTS\PROJECT5\PROJECT5\DEBUG\VC110.PDB
D:\DOCUMENTS\VISUAL STUDIO 2012\PROJECTS\PROJECT5\DEBUG\2015.7.15C++PRACTICE_STUDENT_AND_COURSE.ILK
D:\DOCUMENTS\VISUAL STUDIO 2012\PROJECTS\PROJECT5\DEBUG\2015.7.15C++PRACTICE_STUDENT_AND_COURSE.EXE
D:\DOCUMENTS\VISUAL STUDIO 2012\PROJECTS\PROJECT5\DEBUG\2015.7.15C++PRACTICE_STUDENT_AND_COURSE.PDB
d:\documents\visual studio 2012\Projects\Project5\Project5\Debug\2015.7.15C++practice_student_and_course.obj
d:\documents\visual studio 2012\Projects\Project5\Project5\Debug\Course.obj
d:\documents\visual studio 2012\Projects\Project5\Project5\Debug\Student.obj
d:\documents\visual studio 2012\Projects\Project5\Project5\Debug\cl.command.1.tlog
d:\documents\visual studio 2012\Projects\Project5\Project5\Debug\CL.read.1.tlog
d:\documents\visual studio 2012\Projects\Project5\Project5\Debug\CL.write.1.tlog
d:\documents\visual studio 2012\Projects\Project5\Project5\Debug\link-cvtres.read.1.tlog
d:\documents\visual studio 2012\Projects\Project5\Project5\Debug\link-cvtres.write.1.tlog
d:\documents\visual studio 2012\Projects\Project5\Project5\Debug\link-rc.read.1.tlog
d:\documents\visual studio 2012\Projects\Project5\Project5\Debug\link-rc.write.1.tlog
d:\documents\visual studio 2012\Projects\Project5\Project5\Debug\link.command.1.tlog
d:\documents\visual studio 2012\Projects\Project5\Project5\Debug\link.read.1.tlog
d:\documents\visual studio 2012\Projects\Project5\Project5\Debug\link.write.1.tlog
d:\documents\visual studio 2012\Projects\Project5\Project5\Debug\vc110.idb
d:\documents\visual studio 2012\Projects\Project5\Project5\Debug\vc110.pdb
d:\documents\visual studio 2012\Projects\Project5\Debug\2015.7.15C++practice_student_and_course.pdb
d:\documents\visual studio 2012\Projects\Project5\Debug\2015.7.15C++practice_student_and_course.exe
d:\documents\visual studio 2012\Projects\Project5\Debug\2015.7.15C++practice_student_and_course.ilk
