D:\DOCUMENTS\VISUAL STUDIO 2012\PROJECTS\2015.7.15C++PRACTICE_TEXTBOOK_11.5\2015.7.15C++PRACTICE_TEXTBOOK_11.5\DEBUG\FILO.OBJ
D:\DOCUMENTS\VISUAL STUDIO 2012\PROJECTS\2015.7.15C++PRACTICE_TEXTBOOK_11.5\2015.7.15C++PRACTICE_TEXTBOOK_11.5\DEBUG\VC110.PDB
D:\DOCUMENTS\VISUAL STUDIO 2012\PROJECTS\2015.7.15C++PRACTICE_TEXTBOOK_11.5\DEBUG\2015.7.15C++PRACTICE_TEXTBOOK_11.5.ILK
D:\DOCUMENTS\VISUAL STUDIO 2012\PROJECTS\2015.7.15C++PRACTICE_TEXTBOOK_11.5\DEBUG\2015.7.15C++PRACTICE_TEXTBOOK_11.5.EXE
D:\DOCUMENTS\VISUAL STUDIO 2012\PROJECTS\2015.7.15C++PRACTICE_TEXTBOOK_11.5\DEBUG\2015.7.15C++PRACTICE_TEXTBOOK_11.5.PDB
d:\documents\visual studio 2012\Projects\2015.7.15C++practice_textbook_11.5\2015.7.15C++practice_textbook_11.5\Debug\FILO.obj
d:\documents\visual studio 2012\Projects\2015.7.15C++practice_textbook_11.5\2015.7.15C++practice_textbook_11.5\Debug\cl.command.1.tlog
d:\documents\visual studio 2012\Projects\2015.7.15C++practice_textbook_11.5\2015.7.15C++practice_textbook_11.5\Debug\CL.read.1.tlog
d:\documents\visual studio 2012\Projects\2015.7.15C++practice_textbook_11.5\2015.7.15C++practice_textbook_11.5\Debug\CL.write.1.tlog
d:\documents\visual studio 2012\Projects\2015.7.15C++practice_textbook_11.5\2015.7.15C++practice_textbook_11.5\Debug\link-cvtres.read.1.tlog
d:\documents\visual studio 2012\Projects\2015.7.15C++practice_textbook_11.5\2015.7.15C++practice_textbook_11.5\Debug\link-cvtres.write.1.tlog
d:\documents\visual studio 2012\Projects\2015.7.15C++practice_textbook_11.5\2015.7.15C++practice_textbook_11.5\Debug\link-rc.read.1.tlog
d:\documents\visual studio 2012\Projects\2015.7.15C++practice_textbook_11.5\2015.7.15C++practice_textbook_11.5\Debug\link-rc.write.1.tlog
d:\documents\visual studio 2012\Projects\2015.7.15C++practice_textbook_11.5\2015.7.15C++practice_textbook_11.5\Debug\link.command.1.tlog
d:\documents\visual studio 2012\Projects\2015.7.15C++practice_textbook_11.5\2015.7.15C++practice_textbook_11.5\Debug\link.read.1.tlog
d:\documents\visual studio 2012\Projects\2015.7.15C++practice_textbook_11.5\2015.7.15C++practice_textbook_11.5\Debug\link.write.1.tlog
d:\documents\visual studio 2012\Projects\2015.7.15C++practice_textbook_11.5\2015.7.15C++practice_textbook_11.5\Debug\vc110.idb
d:\documents\visual studio 2012\Projects\2015.7.15C++practice_textbook_11.5\2015.7.15C++practice_textbook_11.5\Debug\vc110.pdb
d:\documents\visual studio 2012\Projects\2015.7.15C++practice_textbook_11.5\Debug\2015.7.15C++practice_textbook_11.5.pdb
d:\documents\visual studio 2012\Projects\2015.7.15C++practice_textbook_11.5\Debug\2015.7.15C++practice_textbook_11.5.exe
d:\documents\visual studio 2012\Projects\2015.7.15C++practice_textbook_11.5\Debug\2015.7.15C++practice_textbook_11.5.ilk
