D:\DOCUMENTS\VISUAL STUDIO 2012\PROJECTS\PROJECT4\PROJECT4\DEBUG\2015.7.15_EG_CLASS_DIAGRAM_OF_DATA.OBJ
D:\DOCUMENTS\VISUAL STUDIO 2012\PROJECTS\PROJECT4\PROJECT4\DEBUG\VC110.PDB
D:\DOCUMENTS\VISUAL STUDIO 2012\PROJECTS\PROJECT4\DEBUG\2015.7.15_EG_CLASS_DIAGRAM_OF_DATA.ILK
D:\DOCUMENTS\VISUAL STUDIO 2012\PROJECTS\PROJECT4\DEBUG\2015.7.15_EG_CLASS_DIAGRAM_OF_DATA.EXE
D:\DOCUMENTS\VISUAL STUDIO 2012\PROJECTS\PROJECT4\DEBUG\2015.7.15_EG_CLASS_DIAGRAM_OF_DATA.PDB
d:\Documents\Visual Studio 2012\Projects\Project4\Project4\Debug\2015.7.15_eg_class_diagram_of_Data.obj
d:\Documents\Visual Studio 2012\Projects\Project4\Project4\Debug\cl.command.1.tlog
d:\Documents\Visual Studio 2012\Projects\Project4\Project4\Debug\CL.read.1.tlog
d:\Documents\Visual Studio 2012\Projects\Project4\Project4\Debug\CL.write.1.tlog
d:\Documents\Visual Studio 2012\Projects\Project4\Project4\Debug\link-cvtres.read.1.tlog
d:\Documents\Visual Studio 2012\Projects\Project4\Project4\Debug\link-cvtres.write.1.tlog
d:\Documents\Visual Studio 2012\Projects\Project4\Project4\Debug\link-rc.read.1.tlog
d:\Documents\Visual Studio 2012\Projects\Project4\Project4\Debug\link-rc.write.1.tlog
d:\Documents\Visual Studio 2012\Projects\Project4\Project4\Debug\link.command.1.tlog
d:\Documents\Visual Studio 2012\Projects\Project4\Project4\Debug\link.read.1.tlog
d:\Documents\Visual Studio 2012\Projects\Project4\Project4\Debug\link.write.1.tlog
d:\Documents\Visual Studio 2012\Projects\Project4\Project4\Debug\vc110.idb
d:\Documents\Visual Studio 2012\Projects\Project4\Project4\Debug\vc110.pdb
d:\Documents\Visual Studio 2012\Projects\Project4\Debug\2015.7.15_eg_class_diagram_of_Data.pdb
d:\Documents\Visual Studio 2012\Projects\Project4\Debug\2015.7.15_eg_class_diagram_of_Data.exe
d:\Documents\Visual Studio 2012\Projects\Project4\Debug\2015.7.15_eg_class_diagram_of_Data.ilk
