D:\DOCUMENTS\VISUAL STUDIO 2012\PROJECTS\2015.7.14_UML_LEARNING_EG_CLASS_TIME_CPP\2015.7.14_UML_LEARNING_EG_CLASS_TIME_CPP\DEBUG\VC110.PDB
D:\DOCUMENTS\VISUAL STUDIO 2012\PROJECTS\2015.7.14_UML_LEARNING_EG_CLASS_TIME_CPP\2015.7.14_UML_LEARNING_EG_CLASS_TIME_CPP\DEBUG\TIME.OBJ
D:\DOCUMENTS\VISUAL STUDIO 2012\PROJECTS\2015.7.14_UML_LEARNING_EG_CLASS_TIME_CPP\DEBUG\2015.7.14_UML_LEARNING_EG_CLASS_TIME_CPP.ILK
D:\DOCUMENTS\VISUAL STUDIO 2012\PROJECTS\2015.7.14_UML_LEARNING_EG_CLASS_TIME_CPP\DEBUG\2015.7.14_UML_LEARNING_EG_CLASS_TIME_CPP.EXE
D:\DOCUMENTS\VISUAL STUDIO 2012\PROJECTS\2015.7.14_UML_LEARNING_EG_CLASS_TIME_CPP\DEBUG\2015.7.14_UML_LEARNING_EG_CLASS_TIME_CPP.PDB
d:\Documents\Visual Studio 2012\Projects\2015.7.14_UML_Learning_eg_class_time_CPP\2015.7.14_UML_Learning_eg_class_time_CPP\Debug\Time.obj
d:\Documents\Visual Studio 2012\Projects\2015.7.14_UML_Learning_eg_class_time_CPP\2015.7.14_UML_Learning_eg_class_time_CPP\Debug\cl.command.1.tlog
d:\Documents\Visual Studio 2012\Projects\2015.7.14_UML_Learning_eg_class_time_CPP\2015.7.14_UML_Learning_eg_class_time_CPP\Debug\CL.read.1.tlog
d:\Documents\Visual Studio 2012\Projects\2015.7.14_UML_Learning_eg_class_time_CPP\2015.7.14_UML_Learning_eg_class_time_CPP\Debug\CL.write.1.tlog
d:\Documents\Visual Studio 2012\Projects\2015.7.14_UML_Learning_eg_class_time_CPP\2015.7.14_UML_Learning_eg_class_time_CPP\Debug\link-cvtres.read.1.tlog
d:\Documents\Visual Studio 2012\Projects\2015.7.14_UML_Learning_eg_class_time_CPP\2015.7.14_UML_Learning_eg_class_time_CPP\Debug\link-cvtres.write.1.tlog
d:\Documents\Visual Studio 2012\Projects\2015.7.14_UML_Learning_eg_class_time_CPP\2015.7.14_UML_Learning_eg_class_time_CPP\Debug\link-rc.read.1.tlog
d:\Documents\Visual Studio 2012\Projects\2015.7.14_UML_Learning_eg_class_time_CPP\2015.7.14_UML_Learning_eg_class_time_CPP\Debug\link-rc.write.1.tlog
d:\Documents\Visual Studio 2012\Projects\2015.7.14_UML_Learning_eg_class_time_CPP\2015.7.14_UML_Learning_eg_class_time_CPP\Debug\link.command.1.tlog
d:\Documents\Visual Studio 2012\Projects\2015.7.14_UML_Learning_eg_class_time_CPP\2015.7.14_UML_Learning_eg_class_time_CPP\Debug\link.read.1.tlog
d:\Documents\Visual Studio 2012\Projects\2015.7.14_UML_Learning_eg_class_time_CPP\2015.7.14_UML_Learning_eg_class_time_CPP\Debug\link.write.1.tlog
d:\Documents\Visual Studio 2012\Projects\2015.7.14_UML_Learning_eg_class_time_CPP\2015.7.14_UML_Learning_eg_class_time_CPP\Debug\vc110.idb
d:\Documents\Visual Studio 2012\Projects\2015.7.14_UML_Learning_eg_class_time_CPP\2015.7.14_UML_Learning_eg_class_time_CPP\Debug\vc110.pdb
d:\Documents\Visual Studio 2012\Projects\2015.7.14_UML_Learning_eg_class_time_CPP\Debug\2015.7.14_UML_Learning_eg_class_time_CPP.pdb
d:\Documents\Visual Studio 2012\Projects\2015.7.14_UML_Learning_eg_class_time_CPP\Debug\2015.7.14_UML_Learning_eg_class_time_CPP.exe
d:\Documents\Visual Studio 2012\Projects\2015.7.14_UML_Learning_eg_class_time_CPP\Debug\2015.7.14_UML_Learning_eg_class_time_CPP.ilk
