D:\DOCUMENTS\VISUAL STUDIO 2012\PROJECTS\TCP_TRADE_DEMO_BASE_ON_WIN7_C++_2015.8.16\TCP_TRADE_DEMO_BASE_ON_WIN7_C++_2015.8.16\DEBUG\MDSPI.OBJ
D:\DOCUMENTS\VISUAL STUDIO 2012\PROJECTS\TCP_TRADE_DEMO_BASE_ON_WIN7_C++_2015.8.16\TCP_TRADE_DEMO_BASE_ON_WIN7_C++_2015.8.16\DEBUG\AUTOTRADER.OBJ
D:\DOCUMENTS\VISUAL STUDIO 2012\PROJECTS\TCP_TRADE_DEMO_BASE_ON_WIN7_C++_2015.8.16\TCP_TRADE_DEMO_BASE_ON_WIN7_C++_2015.8.16\DEBUG\VC110.PDB
D:\DOCUMENTS\VISUAL STUDIO 2012\PROJECTS\TCP_TRADE_DEMO_BASE_ON_WIN7_C++_2015.8.16\DEBUG\TCP_TRADE_DEMO_BASE_ON_WIN7_C++_2015.8.16.ILK
D:\DOCUMENTS\VISUAL STUDIO 2012\PROJECTS\TCP_TRADE_DEMO_BASE_ON_WIN7_C++_2015.8.16\DEBUG\TCP_TRADE_DEMO_BASE_ON_WIN7_C++_2015.8.16.EXE
D:\DOCUMENTS\VISUAL STUDIO 2012\PROJECTS\TCP_TRADE_DEMO_BASE_ON_WIN7_C++_2015.8.16\DEBUG\TCP_TRADE_DEMO_BASE_ON_WIN7_C++_2015.8.16.PDB
d:\Documents\Visual Studio 2012\Projects\TCP_trade_demo_base_on_win7_C++_2015.8.16\TCP_trade_demo_base_on_win7_C++_2015.8.16\Debug\AutoTrader.obj
d:\Documents\Visual Studio 2012\Projects\TCP_trade_demo_base_on_win7_C++_2015.8.16\TCP_trade_demo_base_on_win7_C++_2015.8.16\Debug\MdSpi.obj
d:\Documents\Visual Studio 2012\Projects\TCP_trade_demo_base_on_win7_C++_2015.8.16\TCP_trade_demo_base_on_win7_C++_2015.8.16\Debug\cl.command.1.tlog
d:\Documents\Visual Studio 2012\Projects\TCP_trade_demo_base_on_win7_C++_2015.8.16\TCP_trade_demo_base_on_win7_C++_2015.8.16\Debug\CL.read.1.tlog
d:\Documents\Visual Studio 2012\Projects\TCP_trade_demo_base_on_win7_C++_2015.8.16\TCP_trade_demo_base_on_win7_C++_2015.8.16\Debug\CL.write.1.tlog
d:\Documents\Visual Studio 2012\Projects\TCP_trade_demo_base_on_win7_C++_2015.8.16\TCP_trade_demo_base_on_win7_C++_2015.8.16\Debug\link-cvtres.read.1.tlog
d:\Documents\Visual Studio 2012\Projects\TCP_trade_demo_base_on_win7_C++_2015.8.16\TCP_trade_demo_base_on_win7_C++_2015.8.16\Debug\link-cvtres.write.1.tlog
d:\Documents\Visual Studio 2012\Projects\TCP_trade_demo_base_on_win7_C++_2015.8.16\TCP_trade_demo_base_on_win7_C++_2015.8.16\Debug\link-rc.read.1.tlog
d:\Documents\Visual Studio 2012\Projects\TCP_trade_demo_base_on_win7_C++_2015.8.16\TCP_trade_demo_base_on_win7_C++_2015.8.16\Debug\link-rc.write.1.tlog
d:\Documents\Visual Studio 2012\Projects\TCP_trade_demo_base_on_win7_C++_2015.8.16\TCP_trade_demo_base_on_win7_C++_2015.8.16\Debug\link.command.1.tlog
d:\Documents\Visual Studio 2012\Projects\TCP_trade_demo_base_on_win7_C++_2015.8.16\TCP_trade_demo_base_on_win7_C++_2015.8.16\Debug\link.read.1.tlog
d:\Documents\Visual Studio 2012\Projects\TCP_trade_demo_base_on_win7_C++_2015.8.16\TCP_trade_demo_base_on_win7_C++_2015.8.16\Debug\link.write.1.tlog
d:\Documents\Visual Studio 2012\Projects\TCP_trade_demo_base_on_win7_C++_2015.8.16\TCP_trade_demo_base_on_win7_C++_2015.8.16\Debug\vc110.idb
d:\Documents\Visual Studio 2012\Projects\TCP_trade_demo_base_on_win7_C++_2015.8.16\TCP_trade_demo_base_on_win7_C++_2015.8.16\Debug\vc110.pdb
d:\Documents\Visual Studio 2012\Projects\TCP_trade_demo_base_on_win7_C++_2015.8.16\Debug\TCP_trade_demo_base_on_win7_C++_2015.8.16.pdb
d:\Documents\Visual Studio 2012\Projects\TCP_trade_demo_base_on_win7_C++_2015.8.16\Debug\TCP_trade_demo_base_on_win7_C++_2015.8.16.exe
d:\Documents\Visual Studio 2012\Projects\TCP_trade_demo_base_on_win7_C++_2015.8.16\Debug\TCP_trade_demo_base_on_win7_C++_2015.8.16.ilk
